[20190624 21:40:13][INF]> ================ MornSDK v0.1.4.7 启动... =============
[20190624 21:40:13][DBG]> 串口号： 13, 服务器IP：127.0.0.1, 端口Port: 5060
[20190624 21:40:13][INF]> 程序初始化成功
[20190624 21:40:13][ERR]> 打开Can端口CAN5失败。
[20190624 21:40:13][ERR]> 打开Can端口CAN6失败。
[20190624 21:40:13][ERR]> 打开Can端口CAN4失败。
[20190624 21:40:13][ERR]> 打开Can端口CAN3失败。
[20190624 21:40:13][INF]> UDP端口打开成功。
[20190624 21:40:13][INF]> UDP端口打开成功。
[20190624 21:40:13][INF]> UDP端口打开成功。
[20190624 21:40:13][ERR]> 打开MIC3780 IO卡失败
[20190624 21:40:18][INF]> 系统流程控制指令：撤收！
[20190624 21:40:26][INF]> 已关闭Can端口。
[20190624 21:40:26][INF]> 已关闭Can端口。
[20190624 21:40:26][INF]> 已关闭Can端口。
[20190624 21:40:26][INF]> 已关闭Can端口。
[20190624 21:40:26][INF]> --------------MornSDK v0.1.4.7 程序退出 -------------
[20190624 21:52:48][INF]> ================ MornSDK v0.1.4.7 启动... =============
[20190624 21:52:48][DBG]> 串口号： 13, 服务器IP：127.0.0.1, 端口Port: 5060
[20190624 21:52:48][INF]> 程序初始化成功
[20190624 21:52:48][ERR]> 打开Can端口CAN5失败。
[20190624 21:52:48][ERR]> 打开Can端口CAN6失败。
[20190624 21:52:48][ERR]> 打开Can端口CAN4失败。
[20190624 21:52:48][ERR]> 打开Can端口CAN3失败。
[20190624 21:52:48][INF]> UDP端口打开成功。
[20190624 21:52:48][INF]> UDP端口打开成功。
[20190624 21:52:48][INF]> UDP端口打开成功。
[20190624 21:52:48][ERR]> 打开MIC3780 IO卡失败
[20190624 21:52:57][INF]> 已关闭Can端口。
[20190624 21:52:57][INF]> 已关闭Can端口。
[20190624 21:52:57][INF]> 已关闭Can端口。
[20190624 21:52:57][INF]> 已关闭Can端口。
[20190624 21:52:58][INF]> --------------MornSDK v0.1.4.7 程序退出 -------------
