[20190623 13:31:17][INF]> ================ MornSDK v0.1.4.7 启动... =============
[20190623 13:31:17][DBG]> 串口号： 13, 服务器IP：192.168.3.11, 端口Port: 6060
[20190623 13:31:17][INF]> 程序初始化成功
[20190623 13:31:17][ERR]> 打开Can端口CAN5失败。
[20190623 13:31:17][ERR]> 打开Can端口CAN6失败。
[20190623 13:31:17][ERR]> 打开Can端口CAN4失败。
[20190623 13:31:17][ERR]> 打开Can端口CAN3失败。
[20190623 13:31:17][INF]> UDP端口打开成功。
[20190623 13:31:17][INF]> UDP端口打开成功。
[20190623 13:31:17][INF]> UDP端口打开成功。
[20190623 13:31:17][ERR]> 打开MIC3780 IO卡失败
[20190623 13:31:18][INF]> BMS生命信号测试：10 00 00 00 04 02 00 EB
[20190623 13:31:18][INF]> BMS生命信号测试：10 00 00 00 04 02 00 EB
[20190623 13:31:18][INF]> BMS生命信号测试：10 00 00 00 04 02 00 EB
[20190623 13:31:18][INF]> BMS生命信号测试：10 00 00 00 04 02 00 EB
[20190623 13:31:18][INF]> BMS生命信号测试：10 00 00 00 04 02 00 EB
[20190623 13:31:19][INF]> BMS生命信号测试：10 00 00 00 04 02 00 EB
[20190623 13:31:19][INF]> BMS生命信号测试：10 00 00 00 04 02 00 EB
[20190623 13:31:19][INF]> UDP端口发送二进制数据成功。
[20190623 13:31:19][INF]> UDP端口发送二进制数据成功。
[20190623 13:31:19][INF]> UDP端口发送二进制数据成功。
[20190623 13:31:19][INF]> BMS生命信号测试：10 00 00 00 04 02 00 EB
[20190623 13:31:19][INF]> BMS生命信号测试：10 00 00 00 04 02 00 EB
[20190623 13:31:19][INF]> BMS生命信号测试：10 00 00 00 04 02 00 EB
[20190623 13:31:20][INF]> BMS生命信号测试：10 00 00 00 04 02 00 EB
[20190623 13:31:20][INF]> UDP端口发送二进制数据成功。
[20190623 13:31:20][INF]> UDP端口发送二进制数据成功。
[20190623 13:31:20][INF]> UDP端口发送二进制数据成功。
[20190623 13:31:20][INF]> BMS生命信号测试：10 00 00 00 04 02 00 EB
[20190623 13:31:20][INF]> BMS生命信号测试：10 00 00 00 04 02 00 EB
[20190623 13:31:20][INF]> BMS生命信号测试：10 00 00 00 04 02 00 EB
[20190623 13:31:20][INF]> BMS生命信号测试：10 00 00 00 04 02 00 EB
[20190623 13:31:21][INF]> UDP端口发送二进制数据成功。
[20190623 13:31:21][INF]> UDP端口发送二进制数据成功。
[20190623 13:31:21][INF]> UDP端口发送二进制数据成功。
[20190623 13:31:21][INF]> BMS生命信号测试：10 00 00 00 04 02 00 EB
[20190623 13:31:21][INF]> BMS生命信号测试：10 00 00 00 04 02 00 EB
[20190623 13:31:21][INF]> BMS生命信号测试：10 00 00 00 04 02 00 EB
[20190623 13:31:21][INF]> BMS生命信号测试：10 00 00 00 04 02 00 EB
[20190623 13:31:21][INF]> BMS生命信号测试：10 00 00 00 04 02 00 EB
[20190623 13:31:22][INF]> UDP端口发送二进制数据成功。
[20190623 13:31:22][INF]> UDP端口发送二进制数据成功。
[20190623 13:31:22][INF]> UDP端口发送二进制数据成功。
[20190623 13:31:22][INF]> BMS生命信号测试：10 00 00 00 04 02 00 EB
[20190623 13:31:22][INF]> BMS生命信号测试：10 00 00 00 04 02 00 EB
[20190623 13:31:22][INF]> BMS生命信号测试：10 00 00 00 04 02 00 EB
[20190623 13:31:22][INF]> BMS生命信号测试：10 00 00 00 04 02 00 EB
[20190623 13:31:22][INF]> BMS生命信号测试：10 00 00 00 04 02 00 EB
[20190623 13:31:23][INF]> UDP端口发送二进制数据成功。
[20190623 13:31:23][INF]> UDP端口发送二进制数据成功。
[20190623 13:31:23][INF]> UDP端口发送二进制数据成功。
[20190623 13:31:23][INF]> BMS生命信号测试：10 00 00 00 04 02 00 EB
[20190623 13:31:23][INF]> BMS生命信号测试：10 00 00 00 04 02 00 EB
[20190623 13:31:23][INF]> BMS生命信号测试：10 00 00 00 04 02 00 EB
[20190623 13:31:23][INF]> BMS生命信号测试：10 00 00 00 04 02 00 EB
[20190623 13:31:29][INF]> BMS生命信号测试：10 00 00 00 04 02 00 EB
[20190623 13:31:35][INF]> UDP端口发送二进制数据成功。
[20190623 13:31:35][INF]> UDP端口发送二进制数据成功。
[20190623 13:31:35][INF]> UDP端口发送二进制数据成功。
